{"/Users/vimalmenon/code/java/new-vimalmenon.com/assets/component/index.ts": {"path":"/Users/vimalmenon/code/java/new-vimalmenon.com/assets/component/index.ts","statementMap":{"0":{"start":{"line":1,"column":0},"end":{"line":1,"column":7}},"1":{"start":{"line":7,"column":1},"end":{"line":1,"column":35}},"2":{"start":{"line":2,"column":0},"end":{"line":2,"column":7}},"3":{"start":{"line":8,"column":1},"end":{"line":2,"column":32}},"4":{"start":{"line":3,"column":0},"end":{"line":3,"column":7}},"5":{"start":{"line":6,"column":1},"end":{"line":3,"column":41}}},"fnMap":{},"branchMap":{},"s":{"0":1,"1":1,"2":1,"3":1,"4":1,"5":1},"f":{},"b":{}}
,"/Users/vimalmenon/code/java/new-vimalmenon.com/assets/component/loading/index.tsx": {"path":"/Users/vimalmenon/code/java/new-vimalmenon.com/assets/component/loading/index.tsx","statementMap":{"0":{"start":{"line":1,"column":0},"end":{"line":1,"column":26}},"1":{"start":{"line":3,"column":25},"end":{"line":9,"column":1}},"2":{"start":{"line":4,"column":1},"end":{"line":8,"column":3}},"3":{"start":{"line":11,"column":0},"end":{"line":11,"column":23}}},"fnMap":{"0":{"name":"(anonymous_1)","decl":{"start":{"line":3,"column":25},"end":{"line":3,"column":28}},"loc":{"start":{"line":3,"column":30},"end":{"line":9,"column":1}}}},"branchMap":{},"s":{"0":1,"1":1,"2":0,"3":1},"f":{"0":0},"b":{}}
,"/Users/vimalmenon/code/java/new-vimalmenon.com/assets/component/meta-data/index.tsx": {"path":"/Users/vimalmenon/code/java/new-vimalmenon.com/assets/component/meta-data/index.tsx","statementMap":{"0":{"start":{"line":1,"column":0},"end":{"line":1,"column":26}},"1":{"start":{"line":2,"column":0},"end":{"line":2,"column":36}},"2":{"start":{"line":3,"column":0},"end":{"line":3,"column":42}},"3":{"start":{"line":5,"column":0},"end":{"line":5,"column":35}},"4":{"start":{"line":7,"column":26},"end":{"line":18,"column":1}},"5":{"start":{"line":8,"column":18},"end":{"line":8,"column":91}},"6":{"start":{"line":8,"column":62},"end":{"line":8,"column":90}},"7":{"start":{"line":9,"column":1},"end":{"line":16,"column":null}},"8":{"start":{"line":10,"column":15},"end":{"line":10,"column":54}},"9":{"start":{"line":11,"column":2},"end":{"line":15,"column":4}},"10":{"start":{"line":17,"column":1},"end":{"line":17,"column":13}},"11":{"start":{"line":20,"column":0},"end":{"line":20,"column":24}}},"fnMap":{"0":{"name":"(anonymous_1)","decl":{"start":{"line":7,"column":26},"end":{"line":7,"column":29}},"loc":{"start":{"line":7,"column":31},"end":{"line":18,"column":1}}},"1":{"name":"(anonymous_2)","decl":{"start":{"line":8,"column":51},"end":{"line":8,"column":52}},"loc":{"start":{"line":8,"column":62},"end":{"line":8,"column":90}}}},"branchMap":{"0":{"loc":{"start":{"line":9,"column":1},"end":{"line":16,"column":null}},"type":"if","locations":[{"start":{"line":9,"column":1},"end":{"line":16,"column":null}},{"start":{"line":9,"column":1},"end":{"line":16,"column":null}}]},"1":{"loc":{"start":{"line":13,"column":16},"end":{"line":13,"column":18}},"type":"cond-expr","locations":[{"start":{"line":13,"column":16},"end":{"line":13,"column":18}},{"start":{"line":13,"column":12},"end":{"line":13,"column":23}}]},"2":{"loc":{"start":{"line":13,"column":12},"end":{"line":13,"column":18}},"type":"binary-expr","locations":[{"start":{"line":13,"column":12},"end":{"line":13,"column":18}},{"start":{"line":13,"column":12},"end":{"line":13,"column":18}}]}},"s":{"0":1,"1":1,"2":1,"3":1,"4":1,"5":0,"6":0,"7":0,"8":0,"9":0,"10":0,"11":1},"f":{"0":0,"1":0},"b":{"0":[0,0],"1":[0,0],"2":[0,0]}}
,"/Users/vimalmenon/code/java/new-vimalmenon.com/assets/component/social-media/index.tsx": {"path":"/Users/vimalmenon/code/java/new-vimalmenon.com/assets/component/social-media/index.tsx","statementMap":{"0":{"start":{"line":1,"column":0},"end":{"line":1,"column":26}},"1":{"start":{"line":2,"column":0},"end":{"line":2,"column":42}},"2":{"start":{"line":4,"column":0},"end":{"line":4,"column":54}},"3":{"start":{"line":5,"column":0},"end":{"line":5,"column":48}},"4":{"start":{"line":7,"column":0},"end":{"line":7,"column":27}},"5":{"start":{"line":9,"column":20},"end":{"line":25,"column":1}},"6":{"start":{"line":10,"column":22},"end":{"line":10,"column":93}},"7":{"start":{"line":10,"column":69},"end":{"line":10,"column":92}},"8":{"start":{"line":11,"column":1},"end":{"line":24,"column":3}},"9":{"start":{"line":13,"column":31},"end":{"line":13,"column":36}},"10":{"start":{"line":13,"column":40},"end":{"line":13,"column":43}},"11":{"start":{"line":14,"column":17},"end":{"line":14,"column":27}},"12":{"start":{"line":15,"column":4},"end":{"line":21,"column":6}},"13":{"start":{"line":27,"column":0},"end":{"line":27,"column":39}}},"fnMap":{"0":{"name":"(anonymous_2)","decl":{"start":{"line":9,"column":20},"end":{"line":9,"column":23}},"loc":{"start":{"line":9,"column":25},"end":{"line":25,"column":1}}},"1":{"name":"(anonymous_3)","decl":{"start":{"line":10,"column":58},"end":{"line":10,"column":59}},"loc":{"start":{"line":10,"column":69},"end":{"line":10,"column":92}}},"2":{"name":"(anonymous_4)","decl":{"start":{"line":13,"column":21},"end":{"line":13,"column":22}},"loc":{"start":{"line":13,"column":45},"end":{"line":22,"column":4}}}},"branchMap":{},"s":{"0":2,"1":2,"2":2,"3":2,"4":2,"5":2,"6":2,"7":4,"8":2,"9":6,"10":6,"11":6,"12":6,"13":2},"f":{"0":2,"1":4,"2":6},"b":{}}
,"/Users/vimalmenon/code/java/new-vimalmenon.com/assets/const/index.ts": {"path":"/Users/vimalmenon/code/java/new-vimalmenon.com/assets/const/index.ts","statementMap":{"0":{"start":{"line":3,"column":13},"end":{"line":3,"column":35}}},"fnMap":{},"branchMap":{},"s":{"0":2},"f":{},"b":{}}
,"/Users/vimalmenon/code/java/new-vimalmenon.com/assets/model/index.ts": {"path":"/Users/vimalmenon/code/java/new-vimalmenon.com/assets/model/index.ts","statementMap":{"0":{"start":{"line":1,"column":0},"end":{"line":1,"column":7}},"1":{"start":{"line":7,"column":1},"end":{"line":1,"column":38}},"2":{"start":{"line":2,"column":0},"end":{"line":2,"column":7}},"3":{"start":{"line":8,"column":1},"end":{"line":2,"column":32}},"4":{"start":{"line":3,"column":0},"end":{"line":3,"column":7}},"5":{"start":{"line":10,"column":1},"end":{"line":3,"column":24}},"6":{"start":{"line":4,"column":0},"end":{"line":4,"column":7}},"7":{"start":{"line":9,"column":1},"end":{"line":4,"column":26}}},"fnMap":{},"branchMap":{},"s":{"0":2,"1":2,"2":2,"3":2,"4":2,"5":2,"6":2,"7":2},"f":{},"b":{}}
,"/Users/vimalmenon/code/java/new-vimalmenon.com/assets/model/api/index.ts": {"path":"/Users/vimalmenon/code/java/new-vimalmenon.com/assets/model/api/index.ts","statementMap":{"0":{"start":{"line":1,"column":0},"end":{"line":2,"column":2}}},"fnMap":{},"branchMap":{},"s":{"0":2},"f":{},"b":{}}
,"/Users/vimalmenon/code/java/new-vimalmenon.com/assets/model/icon/index.ts": {"path":"/Users/vimalmenon/code/java/new-vimalmenon.com/assets/model/icon/index.ts","statementMap":{"0":{"start":{"line":2,"column":0},"end":{"line":2,"column":45}},"1":{"start":{"line":3,"column":0},"end":{"line":3,"column":51}},"2":{"start":{"line":4,"column":0},"end":{"line":4,"column":47}},"3":{"start":{"line":5,"column":0},"end":{"line":5,"column":53}},"4":{"start":{"line":6,"column":0},"end":{"line":6,"column":51}},"5":{"start":{"line":7,"column":0},"end":{"line":7,"column":57}},"6":{"start":{"line":8,"column":0},"end":{"line":8,"column":55}},"7":{"start":{"line":9,"column":0},"end":{"line":9,"column":49}},"8":{"start":{"line":10,"column":0},"end":{"line":10,"column":47}},"9":{"start":{"line":11,"column":0},"end":{"line":11,"column":69}},"10":{"start":{"line":13,"column":13},"end":{"line":24,"column":2}},"11":{"start":{"line":25,"column":0},"end":{"line":25,"column":20}}},"fnMap":{},"branchMap":{},"s":{"0":2,"1":2,"2":2,"3":2,"4":2,"5":2,"6":2,"7":2,"8":2,"9":2,"10":2,"11":2},"f":{},"b":{}}
,"/Users/vimalmenon/code/java/new-vimalmenon.com/assets/model/navigation/admin-navigation.ts": {"path":"/Users/vimalmenon/code/java/new-vimalmenon.com/assets/model/navigation/admin-navigation.ts","statementMap":{"0":{"start":{"line":1,"column":0},"end":{"line":2,"column":2}}},"fnMap":{},"branchMap":{},"s":{"0":2},"f":{},"b":{}}
,"/Users/vimalmenon/code/java/new-vimalmenon.com/assets/model/navigation/index.ts": {"path":"/Users/vimalmenon/code/java/new-vimalmenon.com/assets/model/navigation/index.ts","statementMap":{"0":{"start":{"line":1,"column":0},"end":{"line":1,"column":47}},"1":{"start":{"line":2,"column":0},"end":{"line":2,"column":49}},"2":{"start":{"line":3,"column":0},"end":{"line":3,"column":50}},"3":{"start":{"line":5,"column":0},"end":{"line":9,"column":2}}},"fnMap":{},"branchMap":{},"s":{"0":2,"1":2,"2":2,"3":2},"f":{},"b":{}}
,"/Users/vimalmenon/code/java/new-vimalmenon.com/assets/model/navigation/main-navigation.ts": {"path":"/Users/vimalmenon/code/java/new-vimalmenon.com/assets/model/navigation/main-navigation.ts","statementMap":{"0":{"start":{"line":1,"column":13},"end":{"line":5,"column":2}},"1":{"start":{"line":7,"column":37},"end":{"line":9,"column":2}},"2":{"start":{"line":10,"column":0},"end":{"line":10,"column":30}}},"fnMap":{},"branchMap":{},"s":{"0":2,"1":2,"2":2},"f":{},"b":{}}
,"/Users/vimalmenon/code/java/new-vimalmenon.com/assets/model/navigation/navigation-by-url.ts": {"path":"/Users/vimalmenon/code/java/new-vimalmenon.com/assets/model/navigation/navigation-by-url.ts","statementMap":{"0":{"start":{"line":1,"column":0},"end":{"line":1,"column":39}},"1":{"start":{"line":3,"column":24},"end":{"line":5,"column":2}},"2":{"start":{"line":7,"column":0},"end":{"line":7,"column":31}}},"fnMap":{},"branchMap":{},"s":{"0":2,"1":2,"2":2},"f":{},"b":{}}
,"/Users/vimalmenon/code/java/new-vimalmenon.com/assets/model/palette/index.ts": {"path":"/Users/vimalmenon/code/java/new-vimalmenon.com/assets/model/palette/index.ts","statementMap":{"0":{"start":{"line":1,"column":16},"end":{"line":14,"column":2}},"1":{"start":{"line":16,"column":0},"end":{"line":16,"column":23}}},"fnMap":{},"branchMap":{},"s":{"0":2,"1":2},"f":{},"b":{}}
,"/Users/vimalmenon/code/java/new-vimalmenon.com/assets/page/user/footer/bottom/index.tsx": {"path":"/Users/vimalmenon/code/java/new-vimalmenon.com/assets/page/user/footer/bottom/index.tsx","statementMap":{"0":{"start":{"line":1,"column":0},"end":{"line":1,"column":26}},"1":{"start":{"line":3,"column":0},"end":{"line":3,"column":null}},"2":{"start":{"line":9,"column":0},"end":{"line":9,"column":34}},"3":{"start":{"line":11,"column":18},"end":{"line":50,"column":2}},"4":{"start":{"line":12,"column":1},"end":{"line":49,"column":4}},"5":{"start":{"line":51,"column":24},"end":{"line":70,"column":1}},"6":{"start":{"line":52,"column":17},"end":{"line":52,"column":28}},"7":{"start":{"line":53,"column":1},"end":{"line":69,"column":3}},"8":{"start":{"line":72,"column":0},"end":{"line":72,"column":34}}},"fnMap":{"0":{"name":"(anonymous_1)","decl":{"start":{"line":11,"column":29},"end":{"line":11,"column":30}},"loc":{"start":{"line":11,"column":46},"end":{"line":50,"column":1}}},"1":{"name":"(anonymous_2)","decl":{"start":{"line":51,"column":24},"end":{"line":51,"column":27}},"loc":{"start":{"line":51,"column":29},"end":{"line":70,"column":1}}}},"branchMap":{"0":{"loc":{"start":{"line":15,"column":44},"end":{"line":15,"column":53}},"type":"cond-expr","locations":[{"start":{"line":15,"column":44},"end":{"line":15,"column":53}},{"start":{"line":15,"column":54},"end":{"line":15,"column":63}}]}},"s":{"0":1,"1":1,"2":1,"3":1,"4":1,"5":1,"6":2,"7":2,"8":1},"f":{"0":1,"1":2},"b":{"0":[1,0]}}
,"/Users/vimalmenon/code/java/new-vimalmenon.com/assets/page/user/header/top/index.tsx": {"path":"/Users/vimalmenon/code/java/new-vimalmenon.com/assets/page/user/header/top/index.tsx","statementMap":{"0":{"start":{"line":1,"column":0},"end":{"line":1,"column":26}},"1":{"start":{"line":3,"column":0},"end":{"line":3,"column":null}},"2":{"start":{"line":9,"column":0},"end":{"line":9,"column":38}},"3":{"start":{"line":11,"column":18},"end":{"line":34,"column":2}},"4":{"start":{"line":12,"column":1},"end":{"line":33,"column":4}},"5":{"start":{"line":36,"column":21},"end":{"line":45,"column":1}},"6":{"start":{"line":37,"column":17},"end":{"line":37,"column":28}},"7":{"start":{"line":38,"column":1},"end":{"line":44,"column":3}},"8":{"start":{"line":47,"column":0},"end":{"line":47,"column":19}}},"fnMap":{"0":{"name":"(anonymous_1)","decl":{"start":{"line":11,"column":29},"end":{"line":11,"column":30}},"loc":{"start":{"line":11,"column":46},"end":{"line":34,"column":1}}},"1":{"name":"(anonymous_2)","decl":{"start":{"line":36,"column":21},"end":{"line":36,"column":24}},"loc":{"start":{"line":36,"column":26},"end":{"line":45,"column":1}}}},"branchMap":{},"s":{"0":1,"1":1,"2":1,"3":1,"4":1,"5":1,"6":1,"7":1,"8":1},"f":{"0":1,"1":1},"b":{}}
,"/Users/vimalmenon/code/java/new-vimalmenon.com/assets/service/index.ts": {"path":"/Users/vimalmenon/code/java/new-vimalmenon.com/assets/service/index.ts","statementMap":{"0":{"start":{"line":1,"column":0},"end":{"line":1,"column":7}},"1":{"start":{"line":5,"column":1},"end":{"line":1,"column":38}},"2":{"start":{"line":2,"column":0},"end":{"line":2,"column":7}},"3":{"start":{"line":6,"column":1},"end":{"line":2,"column":32}}},"fnMap":{},"branchMap":{},"s":{"0":1,"1":1,"2":1,"3":1},"f":{},"b":{}}
,"/Users/vimalmenon/code/java/new-vimalmenon.com/assets/service/navigation/index.ts": {"path":"/Users/vimalmenon/code/java/new-vimalmenon.com/assets/service/navigation/index.ts","statementMap":{"0":{"start":{"line":1,"column":0},"end":{"line":1,"column":30}},"1":{"start":{"line":3,"column":0},"end":{"line":3,"column":26}},"2":{"start":{"line":5,"column":0},"end":{"line":5,"column":33}},"3":{"start":{"line":7,"column":36},"end":{"line":9,"column":1}},"4":{"start":{"line":8,"column":1},"end":{"line":8,"column":46}},"5":{"start":{"line":11,"column":27},"end":{"line":13,"column":1}},"6":{"start":{"line":12,"column":1},"end":{"line":12,"column":41}},"7":{"start":{"line":15,"column":0},"end":{"line":18,"column":2}}},"fnMap":{"0":{"name":"(anonymous_1)","decl":{"start":{"line":7,"column":36},"end":{"line":7,"column":37}},"loc":{"start":{"line":7,"column":56},"end":{"line":9,"column":1}}},"1":{"name":"(anonymous_2)","decl":{"start":{"line":11,"column":27},"end":{"line":11,"column":28}},"loc":{"start":{"line":11,"column":55},"end":{"line":13,"column":1}}}},"branchMap":{},"s":{"0":1,"1":1,"2":1,"3":1,"4":0,"5":1,"6":0,"7":1},"f":{"0":0,"1":0},"b":{}}
,"/Users/vimalmenon/code/java/new-vimalmenon.com/assets/service/session/index.ts": {"path":"/Users/vimalmenon/code/java/new-vimalmenon.com/assets/service/session/index.ts","statementMap":{"0":{"start":{"line":1,"column":0},"end":{"line":1,"column":26}},"1":{"start":{"line":3,"column":19},"end":{"line":5,"column":1}},"2":{"start":{"line":4,"column":1},"end":{"line":4,"column":26}},"3":{"start":{"line":7,"column":0},"end":{"line":9,"column":2}}},"fnMap":{"0":{"name":"(anonymous_1)","decl":{"start":{"line":3,"column":19},"end":{"line":3,"column":27}},"loc":{"start":{"line":3,"column":29},"end":{"line":5,"column":1}}}},"branchMap":{},"s":{"0":1,"1":1,"2":0,"3":1},"f":{"0":0},"b":{}}
,"/Users/vimalmenon/code/java/new-vimalmenon.com/assets/store/action.ts": {"path":"/Users/vimalmenon/code/java/new-vimalmenon.com/assets/store/action.ts","statementMap":{"0":{"start":{"line":1,"column":0},"end":{"line":1,"column":52}},"1":{"start":{"line":5,"column":1},"end":{"line":5,"column":8}},"2":{"start":{"line":2,"column":0},"end":{"line":2,"column":49}},"3":{"start":{"line":6,"column":1},"end":{"line":6,"column":7}}},"fnMap":{},"branchMap":{},"s":{"0":1,"1":1,"2":1,"3":1},"f":{},"b":{}}
,"/Users/vimalmenon/code/java/new-vimalmenon.com/assets/store/index.ts": {"path":"/Users/vimalmenon/code/java/new-vimalmenon.com/assets/store/index.ts","statementMap":{"0":{"start":{"line":2,"column":0},"end":{"line":2,"column":36}},"1":{"start":{"line":4,"column":0},"end":{"line":4,"column":35}},"2":{"start":{"line":5,"column":0},"end":{"line":5,"column":32}},"3":{"start":{"line":7,"column":0},"end":{"line":7,"column":50}}},"fnMap":{},"branchMap":{},"s":{"0":2,"1":2,"2":2,"3":2},"f":{},"b":{}}
,"/Users/vimalmenon/code/java/new-vimalmenon.com/assets/store/reducer.ts": {"path":"/Users/vimalmenon/code/java/new-vimalmenon.com/assets/store/reducer.ts","statementMap":{"0":{"start":{"line":1,"column":0},"end":{"line":1,"column":40}},"1":{"start":{"line":3,"column":0},"end":{"line":3,"column":48}},"2":{"start":{"line":4,"column":0},"end":{"line":4,"column":45}},"3":{"start":{"line":5,"column":0},"end":{"line":5,"column":42}},"4":{"start":{"line":6,"column":0},"end":{"line":6,"column":39}},"5":{"start":{"line":8,"column":16},"end":{"line":13,"column":2}},"6":{"start":{"line":15,"column":0},"end":{"line":15,"column":23}}},"fnMap":{},"branchMap":{},"s":{"0":2,"1":2,"2":2,"3":2,"4":2,"5":2,"6":2},"f":{},"b":{}}
,"/Users/vimalmenon/code/java/new-vimalmenon.com/assets/store/state.ts": {"path":"/Users/vimalmenon/code/java/new-vimalmenon.com/assets/store/state.ts","statementMap":{"0":{"start":{"line":1,"column":0},"end":{"line":1,"column":46}},"1":{"start":{"line":2,"column":0},"end":{"line":2,"column":43}},"2":{"start":{"line":3,"column":0},"end":{"line":3,"column":40}},"3":{"start":{"line":4,"column":0},"end":{"line":4,"column":37}},"4":{"start":{"line":6,"column":21},"end":{"line":11,"column":2}},"5":{"start":{"line":13,"column":0},"end":{"line":13,"column":21}}},"fnMap":{},"branchMap":{},"s":{"0":2,"1":2,"2":2,"3":2,"4":2,"5":2},"f":{},"b":{}}
,"/Users/vimalmenon/code/java/new-vimalmenon.com/assets/store/admin/admin.reducer.ts": {"path":"/Users/vimalmenon/code/java/new-vimalmenon.com/assets/store/admin/admin.reducer.ts","statementMap":{"0":{"start":{"line":1,"column":0},"end":{"line":1,"column":34}},"1":{"start":{"line":3,"column":16},"end":{"line":5,"column":1}},"2":{"start":{"line":4,"column":1},"end":{"line":4,"column":17}},"3":{"start":{"line":7,"column":0},"end":{"line":7,"column":23}}},"fnMap":{"0":{"name":"(anonymous_1)","decl":{"start":{"line":3,"column":16},"end":{"line":3,"column":17}},"loc":{"start":{"line":3,"column":51},"end":{"line":5,"column":1}}}},"branchMap":{"0":{"loc":{"start":{"line":3,"column":26},"end":{"line":3,"column":31}},"type":"default-arg","locations":[{"start":{"line":3,"column":26},"end":{"line":3,"column":31}}]}},"s":{"0":2,"1":2,"2":6,"3":2},"f":{"0":6},"b":{"0":[4]}}
,"/Users/vimalmenon/code/java/new-vimalmenon.com/assets/store/admin/admin.state.ts": {"path":"/Users/vimalmenon/code/java/new-vimalmenon.com/assets/store/admin/admin.state.ts","statementMap":{"0":{"start":{"line":1,"column":21},"end":{"line":1,"column":null}},"1":{"start":{"line":4,"column":0},"end":{"line":4,"column":21}}},"fnMap":{},"branchMap":{},"s":{"0":2,"1":2},"f":{},"b":{}}
,"/Users/vimalmenon/code/java/new-vimalmenon.com/assets/store/config/config.action.ts": {"path":"/Users/vimalmenon/code/java/new-vimalmenon.com/assets/store/config/config.action.ts","statementMap":{"0":{"start":{"line":3,"column":27},"end":{"line":10,"column":1}},"1":{"start":{"line":4,"column":1},"end":{"line":9,"column":3}},"2":{"start":{"line":3,"column":13},"end":{"line":3,"column":27}},"3":{"start":{"line":11,"column":27},"end":{"line":18,"column":1}},"4":{"start":{"line":12,"column":1},"end":{"line":17,"column":3}},"5":{"start":{"line":11,"column":13},"end":{"line":11,"column":27}}},"fnMap":{"0":{"name":"(anonymous_0)","decl":{"start":{"line":3,"column":27},"end":{"line":3,"column":28}},"loc":{"start":{"line":3,"column":78},"end":{"line":10,"column":1}}},"1":{"name":"(anonymous_1)","decl":{"start":{"line":11,"column":27},"end":{"line":11,"column":28}},"loc":{"start":{"line":11,"column":78},"end":{"line":18,"column":1}}}},"branchMap":{},"s":{"0":1,"1":0,"2":1,"3":1,"4":0,"5":1},"f":{"0":0,"1":0},"b":{}}
,"/Users/vimalmenon/code/java/new-vimalmenon.com/assets/store/config/config.reducer.ts": {"path":"/Users/vimalmenon/code/java/new-vimalmenon.com/assets/store/config/config.reducer.ts","statementMap":{"0":{"start":{"line":1,"column":0},"end":{"line":1,"column":36}},"1":{"start":{"line":5,"column":16},"end":{"line":20,"column":1}},"2":{"start":{"line":6,"column":1},"end":{"line":19,"column":null}},"3":{"start":{"line":8,"column":2},"end":{"line":10,"column":null}},"4":{"start":{"line":13,"column":2},"end":{"line":15,"column":null}},"5":{"start":{"line":18,"column":2},"end":{"line":18,"column":18}},"6":{"start":{"line":22,"column":0},"end":{"line":22,"column":23}}},"fnMap":{"0":{"name":"(anonymous_1)","decl":{"start":{"line":5,"column":16},"end":{"line":5,"column":17}},"loc":{"start":{"line":5,"column":73},"end":{"line":20,"column":1}}}},"branchMap":{"0":{"loc":{"start":{"line":5,"column":34},"end":{"line":5,"column":40}},"type":"default-arg","locations":[{"start":{"line":5,"column":34},"end":{"line":5,"column":40}}]},"1":{"loc":{"start":{"line":7,"column":1},"end":{"line":10,"column":null}},"type":"switch","locations":[{"start":{"line":7,"column":1},"end":{"line":10,"column":null}},{"start":{"line":12,"column":1},"end":{"line":15,"column":null}},{"start":{"line":17,"column":1},"end":{"line":18,"column":18}}]},"2":{"loc":{"start":{"line":10,"column":53},"end":{"line":10,"column":59}},"type":"cond-expr","locations":[{"start":{"line":10,"column":53},"end":{"line":10,"column":59}},{"start":{"line":10,"column":60},"end":{"line":10,"column":67}}]}},"s":{"0":2,"1":2,"2":6,"3":0,"4":0,"5":6,"6":2},"f":{"0":6},"b":{"0":[4],"1":[0,0,6],"2":[0,0]}}
,"/Users/vimalmenon/code/java/new-vimalmenon.com/assets/store/config/config.state.ts": {"path":"/Users/vimalmenon/code/java/new-vimalmenon.com/assets/store/config/config.state.ts","statementMap":{"0":{"start":{"line":1,"column":23},"end":{"line":5,"column":2}},"1":{"start":{"line":6,"column":0},"end":{"line":6,"column":22}}},"fnMap":{},"branchMap":{},"s":{"0":2,"1":2},"f":{},"b":{}}
,"/Users/vimalmenon/code/java/new-vimalmenon.com/assets/store/misc/misc.reducer.ts": {"path":"/Users/vimalmenon/code/java/new-vimalmenon.com/assets/store/misc/misc.reducer.ts","statementMap":{"0":{"start":{"line":1,"column":0},"end":{"line":1,"column":37}},"1":{"start":{"line":3,"column":16},"end":{"line":5,"column":1}},"2":{"start":{"line":4,"column":1},"end":{"line":4,"column":17}},"3":{"start":{"line":7,"column":0},"end":{"line":7,"column":23}}},"fnMap":{"0":{"name":"(anonymous_1)","decl":{"start":{"line":3,"column":16},"end":{"line":3,"column":17}},"loc":{"start":{"line":3,"column":51},"end":{"line":5,"column":1}}}},"branchMap":{"0":{"loc":{"start":{"line":3,"column":32},"end":{"line":3,"column":41}},"type":"default-arg","locations":[{"start":{"line":3,"column":32},"end":{"line":3,"column":41}}]}},"s":{"0":2,"1":2,"2":6,"3":2},"f":{"0":6},"b":{"0":[4]}}
,"/Users/vimalmenon/code/java/new-vimalmenon.com/assets/store/misc/misc.state.ts": {"path":"/Users/vimalmenon/code/java/new-vimalmenon.com/assets/store/misc/misc.state.ts","statementMap":{"0":{"start":{"line":1,"column":19},"end":{"line":25,"column":2}},"1":{"start":{"line":27,"column":0},"end":{"line":27,"column":20}}},"fnMap":{},"branchMap":{},"s":{"0":2,"1":2},"f":{},"b":{}}
,"/Users/vimalmenon/code/java/new-vimalmenon.com/assets/store/session/session.action.ts": {"path":"/Users/vimalmenon/code/java/new-vimalmenon.com/assets/store/session/session.action.ts","statementMap":{"0":{"start":{"line":3,"column":25},"end":{"line":10,"column":1}},"1":{"start":{"line":4,"column":1},"end":{"line":9,"column":3}},"2":{"start":{"line":3,"column":13},"end":{"line":3,"column":25}}},"fnMap":{"0":{"name":"(anonymous_0)","decl":{"start":{"line":3,"column":25},"end":{"line":3,"column":52}},"loc":{"start":{"line":3,"column":54},"end":{"line":10,"column":1}}}},"branchMap":{},"s":{"0":1,"1":0,"2":1},"f":{"0":0},"b":{}}
,"/Users/vimalmenon/code/java/new-vimalmenon.com/assets/store/session/session.reducer.ts": {"path":"/Users/vimalmenon/code/java/new-vimalmenon.com/assets/store/session/session.reducer.ts","statementMap":{"0":{"start":{"line":2,"column":0},"end":{"line":2,"column":38}},"1":{"start":{"line":6,"column":16},"end":{"line":14,"column":1}},"2":{"start":{"line":7,"column":1},"end":{"line":13,"column":null}},"3":{"start":{"line":8,"column":2},"end":{"line":9,"column":null}},"4":{"start":{"line":12,"column":2},"end":{"line":12,"column":18}},"5":{"start":{"line":16,"column":0},"end":{"line":16,"column":23}}},"fnMap":{"0":{"name":"(anonymous_1)","decl":{"start":{"line":6,"column":16},"end":{"line":6,"column":17}},"loc":{"start":{"line":6,"column":66},"end":{"line":14,"column":1}}}},"branchMap":{"0":{"loc":{"start":{"line":6,"column":26},"end":{"line":6,"column":33}},"type":"default-arg","locations":[{"start":{"line":6,"column":26},"end":{"line":6,"column":33}}]},"1":{"loc":{"start":{"line":7,"column":1},"end":{"line":13,"column":null}},"type":"if","locations":[{"start":{"line":7,"column":1},"end":{"line":13,"column":null}},{"start":{"line":7,"column":1},"end":{"line":13,"column":null}}]}},"s":{"0":2,"1":2,"2":6,"3":0,"4":6,"5":2},"f":{"0":6},"b":{"0":[4],"1":[0,6]}}
,"/Users/vimalmenon/code/java/new-vimalmenon.com/assets/store/session/session.state.ts": {"path":"/Users/vimalmenon/code/java/new-vimalmenon.com/assets/store/session/session.state.ts","statementMap":{"0":{"start":{"line":1,"column":25},"end":{"line":1,"column":null}},"1":{"start":{"line":4,"column":0},"end":{"line":4,"column":23}}},"fnMap":{},"branchMap":{},"s":{"0":2,"1":2},"f":{},"b":{}}
}
