{"/Users/vimalmenon/code/java/new-vimalmenon.com/assets/const/index.ts": {"path":"/Users/vimalmenon/code/java/new-vimalmenon.com/assets/const/index.ts","statementMap":{"0":{"start":{"line":3,"column":13},"end":{"line":3,"column":35}}},"fnMap":{},"branchMap":{},"s":{"0":1},"f":{},"b":{}}
,"/Users/vimalmenon/code/java/new-vimalmenon.com/assets/page/user/footer/bottom/index.tsx": {"path":"/Users/vimalmenon/code/java/new-vimalmenon.com/assets/page/user/footer/bottom/index.tsx","statementMap":{"0":{"start":{"line":1,"column":0},"end":{"line":1,"column":26}},"1":{"start":{"line":3,"column":0},"end":{"line":3,"column":null}},"2":{"start":{"line":9,"column":0},"end":{"line":9,"column":34}},"3":{"start":{"line":11,"column":18},"end":{"line":50,"column":2}},"4":{"start":{"line":12,"column":1},"end":{"line":49,"column":4}},"5":{"start":{"line":51,"column":24},"end":{"line":70,"column":1}},"6":{"start":{"line":52,"column":17},"end":{"line":52,"column":28}},"7":{"start":{"line":53,"column":1},"end":{"line":69,"column":3}},"8":{"start":{"line":72,"column":0},"end":{"line":72,"column":34}}},"fnMap":{"0":{"name":"(anonymous_1)","decl":{"start":{"line":11,"column":29},"end":{"line":11,"column":30}},"loc":{"start":{"line":11,"column":46},"end":{"line":50,"column":1}}},"1":{"name":"(anonymous_2)","decl":{"start":{"line":51,"column":24},"end":{"line":51,"column":27}},"loc":{"start":{"line":51,"column":29},"end":{"line":70,"column":1}}}},"branchMap":{"0":{"loc":{"start":{"line":15,"column":44},"end":{"line":15,"column":53}},"type":"cond-expr","locations":[{"start":{"line":15,"column":44},"end":{"line":15,"column":53}},{"start":{"line":15,"column":54},"end":{"line":15,"column":63}}]}},"s":{"0":1,"1":1,"2":1,"3":1,"4":1,"5":1,"6":1,"7":1,"8":1},"f":{"0":1,"1":1},"b":{"0":[1,0]}}
}
